2025-11-27 01:08:42,537 INFO Starting mode=append db=database/mtg_collection.db
2025-11-27 01:08:44,561 INFO Read newest file from Drive: Master.csv
2025-11-27 01:08:45,043 INFO Inserted id=1 [1/1] MOM/309/en -> Hidetsugu and Kairi
2025-11-27 01:08:45,151 INFO Inserted id=2 [1/1] BLC/91/en -> Kykar, Wind's Fury
2025-11-27 01:08:45,259 INFO Inserted id=3 [1/1] WOE/199/en -> Agatha of the Vile Cauldron
2025-11-27 01:08:45,359 INFO Inserted id=4 [1/1] M3C/14/en -> Omo, Queen of Vesuva
2025-11-27 01:08:45,475 INFO Inserted id=5 [1/1] AFR/223/en -> Gretchen Titchwillow
2025-11-27 01:08:45,576 INFO Inserted id=6 [1/1] STA/42/en -> Lightning Bolt
2025-11-27 01:08:45,675 INFO Inserted id=7 [1/1] DFT/505/en -> Wastewood Verge
2025-11-27 01:08:45,784 INFO Inserted id=8 [1/1] DMU/202/en -> Jhoira, Ageless Innovator
2025-11-27 01:08:45,884 INFO Inserted id=9 [1/1] FIN/214/en -> Black Waltz No. 3
2025-11-27 01:08:45,984 INFO Inserted id=10 [1/1] OTJ/372/en -> Ruthless Lawbringer
2025-11-27 01:08:46,084 INFO Inserted id=11 [1/1] FDN/346/en -> Elenda, Saint of Dusk
2025-11-27 01:08:46,175 INFO Inserted id=12 [1/1] EXO/55/en -> Culling the Weak
2025-11-27 01:08:46,275 INFO Inserted id=13 [1/1] BBD/141/en -> Diabolic Intent
2025-11-27 01:08:46,392 INFO Inserted id=14 [1/1] 2XM/86/en -> Disciple of the Vault
2025-11-27 01:08:46,492 INFO Inserted id=15 [1/1] KHM/312/en -> Magda, Brazen Outlaw
2025-11-27 01:08:46,589 INFO Inserted id=16 [1/1] LTR/103/en -> Orcish Bowmasters
2025-11-27 01:08:46,692 INFO Inserted id=17 [1/1] C20/42/en -> Deadly Rollick
2025-11-27 01:08:46,801 INFO Inserted id=18 [1/1] CMM/694/en -> Fierce Guardianship
2025-11-27 01:08:46,909 INFO Inserted id=19 [1/1] NPH/38/en -> Mental Misstep
2025-11-27 01:08:47,026 INFO Inserted id=20 [1/1] DIS/162/en -> Magewright's Stone
2025-11-27 01:08:47,125 INFO Inserted id=21 [1/1] M21/228/en -> Chromatic Orrery
2025-11-27 01:08:47,233 INFO Inserted id=22 [1/1] MH3/449/en -> Amphibian Downpour
2025-11-27 01:08:47,334 INFO Inserted id=23 [1/1] LCI/249/en -> Chimil, the Inner Sun
2025-11-27 01:08:47,425 INFO Inserted id=24 [1/1] BIG/59/en -> Fomori Vault
2025-11-27 01:08:47,524 INFO Inserted id=25 [1/1] M11/219/en -> Voltaic Key
2025-11-27 01:08:47,634 INFO Inserted id=26 [1/1] 6ED/175/en -> Final Fortune
2025-11-27 01:08:47,742 INFO Inserted id=27 [1/1] EMA/132/en -> Gamble
2025-11-27 01:08:47,841 INFO Inserted id=28 [1/1] EMA/219/en -> Chrome Mox
2025-11-27 01:08:47,951 INFO Inserted id=29 [1/1] 4ED/218/en -> Red Elemental Blast
2025-11-27 01:08:48,058 INFO Inserted id=30 [1/1] EOE/168/en -> Weapons Manufacturing
2025-11-27 01:08:48,159 INFO Inserted id=31 [1/1] TMP/90/en -> Steal Enchantment
2025-11-27 01:08:48,268 INFO Inserted id=32 [1/1] ULG/30/en -> Delusions of Mediocrity
2025-11-27 01:08:48,368 INFO Inserted id=33 [1/1] EOE/51/en -> Consult the Star Charts
2025-11-27 01:08:48,467 INFO Inserted id=34 [1/3] ELD/58/en -> Mystical Dispute
2025-11-27 01:08:48,550 INFO Inserted id=35 [2/3] ELD/58/en -> Mystical Dispute
2025-11-27 01:08:48,634 INFO Inserted id=36 [3/3] ELD/58/en -> Mystical Dispute
2025-11-27 01:08:48,734 INFO Inserted id=37 [1/1] CMR/268/en -> Archelos, Lagoon Mystic
2025-11-27 01:08:48,826 INFO Inserted id=38 [1/1] CMR/289/en -> Obeka, Brute Chronologist
2025-11-27 01:08:48,934 INFO Inserted id=39 [1/1] CMR/276/en -> Gnostro, Voice of the Crags
2025-11-27 01:08:49,063 INFO Inserted id=40 [1/1] MM2/176/en -> Ghost Council of Orzhova
2025-11-27 01:08:49,234 INFO Inserted id=41 [1/1] CLB/700/en -> Mikaeus, the Lunarch
2025-11-27 01:08:49,342 INFO Inserted id=42 [1/1] CLB/706/en -> Selfless Spirit
2025-11-27 01:08:49,442 INFO Inserted id=43 [1/1] ONE/47/en -> Encroaching Mycosynth
2025-11-27 01:08:49,542 INFO Inserted id=44 [1/1] HOU/40/en -> Nimble Obstructionist
2025-11-27 01:08:49,642 INFO Inserted id=45 [1/1] TDM/259/en -> Kishla Village
2025-11-27 01:08:49,743 INFO Inserted id=46 [1/1] TDM/316/en -> Runescale Stormbrood // Chilling Screech
2025-11-27 01:08:49,859 INFO Inserted id=47 [1/1] TDM/152/en -> Rainveil Rejuvenator
2025-11-27 01:08:49,959 INFO Inserted id=48 [1/1] TDM/7/en -> Dalkovan Packbeasts
2025-11-27 01:08:50,059 INFO Inserted id=49 [1/1] TDM/203/en -> Lie in Wait
2025-11-27 01:08:50,158 INFO Inserted id=50 [1/1] TDM/124/en -> Stormshriek Feral // Flush Out
2025-11-27 01:08:50,268 INFO Inserted id=51 [1/1] TDM/151/en -> Piercing Exhale
2025-11-27 01:08:50,359 INFO Inserted id=52 [1/1] TDM/68/en -> Abzan Devotee
2025-11-27 01:08:50,475 INFO Inserted id=53 [1/1] TDM/112/en -> Meticulous Artisan
2025-11-27 01:08:50,584 INFO Inserted id=54 [1/1] TDM/16/en -> Mardu Devotee
2025-11-27 01:08:50,692 INFO Inserted id=55 [1/1] TDM/45/en -> Focus the Mind
2025-11-27 01:08:50,792 INFO Inserted id=56 [1/1] TDM/290/en -> Mountain
2025-11-27 01:08:50,901 INFO Inserted id=57 [1/1] TDM/287/en -> Plains
2025-11-27 01:08:50,992 INFO Inserted id=58 [1/1] FIN/271/en -> Adventurer's Inn
2025-11-27 01:08:51,101 INFO Inserted id=59 [1/1] FIN/270/en -> World Map
2025-11-27 01:08:51,200 INFO Inserted id=60 [1/1] SLC/9/en -> Isochron Scepter
2025-11-27 01:08:51,309 INFO Inserted id=61 [1/1] SLC/19/en -> Sol Ring
2025-11-27 01:08:51,409 INFO Inserted id=62 [1/1] SLC/18/en -> Retrofitter Foundry
2025-11-27 01:08:51,517 INFO Inserted id=63 [1/1] SLC/11/en -> Krark-Clan Ironworks
2025-11-27 01:08:51,644 INFO Inserted id=64 [1/1] WOC/40/en -> Throne of Eldraine
2025-11-27 01:08:51,750 INFO Inserted id=65 [1/1] SLC/5/en -> Eerie Ultimatum
2025-11-27 01:08:51,883 INFO Inserted id=66 [1/1] SLC/25/en -> Yarok, the Desecrated
2025-11-27 01:08:51,992 INFO Inserted id=67 [1/1] SLC/24/en -> Xantcha, Sleeper Agent
2025-11-27 01:08:52,108 INFO Inserted id=68 [1/1] MH1/202/en -> Hogaak, Arisen Necropolis
2025-11-27 01:08:52,209 INFO Inserted id=69 [1/1] OTJ/191/en -> Annie Joins Up
2025-11-27 01:08:52,309 INFO Inserted id=70 [1/1] NEC/66/en -> Go-Shintai of Life's Origin
2025-11-27 01:08:52,418 INFO Inserted id=71 [1/1] TLE/205/en -> Hei Bai, Forest Guardian
2025-11-27 01:08:52,542 INFO Inserted id=72 [1/1] FIN/281/en -> Guadosalam, Farplane Gateway
2025-11-27 01:08:52,651 INFO Inserted id=73 [1/1] SLC/21/en -> Urza's Saga
2025-11-27 01:08:52,767 INFO Inserted id=74 [1/1] SLC/20/en -> Temple of the False God
2025-11-27 01:08:52,866 INFO Inserted id=75 [1/1] MH3/300/en -> Cephalid Coliseum
2025-11-27 01:08:53,042 INFO Inserted id=76 [1/1] FIN/175/en -> Bartz and Boko
2025-11-27 01:08:53,159 INFO Inserted id=77 [1/1] FIN/174/en -> Bard's Bow
2025-11-27 01:08:53,267 INFO Inserted id=78 [1/1] SLC/17/en -> Questing Beast
2025-11-27 01:08:53,375 INFO Inserted id=79 [1/1] TDM/163/en -> Trade Route Envoy
2025-11-27 01:08:53,477 INFO Inserted id=80 [1/1] SLC/12/en -> Llanowar Elves
2025-11-27 01:08:53,592 INFO Inserted id=81 [1/1] TLA/378/en -> Elemental Teachings
2025-11-27 01:08:53,693 INFO Inserted id=82 [1/1] FIN/144/en -> Light of Judgment
2025-11-27 01:08:53,809 INFO Inserted id=83 [1/1] FIN/141/en -> Hill Gigas
2025-11-27 01:08:53,926 INFO Inserted id=84 [1/1] SLC/26/en -> Zo-Zu the Punisher
2025-11-27 01:08:54,067 INFO Inserted id=85 [1/1] FIN/101/en -> The Final Days
2025-11-27 01:08:54,177 INFO Inserted id=86 [1/1] FIN/106/en -> Malboro
2025-11-27 01:08:54,285 INFO Inserted id=87 [1/1] SLC/8/en -> Hymn to Tourach
2025-11-27 01:08:54,392 INFO Inserted id=88 [1/1] SLC/7/en -> Gray Merchant of Asphodel
2025-11-27 01:08:54,493 INFO Inserted id=89 [1/1] SLC/4/en -> Demonic Consultation
2025-11-27 01:08:54,609 INFO Inserted id=90 [1/1] SLC/10/en -> Junji, the Midnight Sky
2025-11-27 01:08:54,709 INFO Inserted id=91 [1/1] SLC/15/en -> Ob Nixilis, the Fallen
2025-11-27 01:08:54,818 INFO Inserted id=92 [1/1] FIN/76/en -> Stuck in Summoner's Sanctum
2025-11-27 01:08:54,926 INFO Inserted id=93 [1/1] FCA/30/en -> Laboratory Maniac
2025-11-27 01:08:55,034 INFO Inserted id=94 [1/1] FIN/82/en -> Travel the Overworld
2025-11-27 01:08:55,135 INFO Inserted id=95 [1/1] C20/121/en -> Nimble Obstructionist
2025-11-27 01:08:55,242 INFO Inserted id=96 [1/1] SLC/2/en -> Brain Freeze
2025-11-27 01:08:55,359 INFO Inserted id=97 [1/1] FIN/44/en -> You're Not Alone
2025-11-27 01:08:55,476 INFO Inserted id=98 [1/1] FIN/8/en -> Auron's Inspiration
2025-11-27 01:08:55,576 INFO Inserted id=99 [1/1] UMA/11/en -> Containment Priest
2025-11-27 01:08:55,685 INFO Inserted id=100 [1/1] SLC/13/en -> Myrel, Shield of Argive
2025-11-27 01:08:55,685 INFO Appended 100 total entries.
